2026-04-06 12:02:51 [INFO]: All Bull workers initialized and listening
2026-04-06 12:03:21 [ERROR]: MongoDB Connection Error: connect ECONNREFUSED 127.0.0.1:27017
2026-04-06 12:16:18 [INFO]: All Bull workers initialized and listening
2026-04-06 12:16:19 [INFO]: MongoDB Connected: ac-elabmzo-shard-00-01.qyfosa0.mongodb.net
2026-04-06 12:16:19 [INFO]: [Cron] Initialized with schedules: SYNC(0 */4 * * *), SCRAPER(0 */6 * * *)
2026-04-06 12:16:19 [INFO]: 🚀 E-Bazar backend running on port 5000 [development]
2026-04-06 14:18:19 [INFO]: SIGINT received — shutting down gracefully
2026-04-06 14:18:19 [INFO]: SIGINT received — shutting down gracefully
2026-04-06 14:18:19 [INFO]: SIGINT received — shutting down gracefully
2026-04-06 14:18:20 [INFO]: Shutdown complete
2026-04-06 14:18:30 [INFO]: All Bull workers initialized and listening
2026-04-06 14:18:31 [INFO]: MongoDB Connected: ac-elabmzo-shard-00-01.qyfosa0.mongodb.net
2026-04-06 14:18:31 [INFO]: [Cron] Initialized with schedules: SYNC(0 */4 * * *), SCRAPER(0 */6 * * *)
2026-04-06 14:18:31 [INFO]: 🚀 E-Bazar backend running on port 5000 [development]
2026-04-06 14:22:14 [INFO]: All Bull workers initialized and listening
2026-04-06 14:22:14 [INFO]: MongoDB Connected: ac-elabmzo-shard-00-00.qyfosa0.mongodb.net
2026-04-06 14:22:14 [INFO]: [Cron] Initialized with schedules: SYNC(0 */4 * * *)
2026-04-06 14:22:14 [INFO]: 🚀 E-Bazar backend running on port 5000 [development]
2026-04-06 14:33:01 [INFO]: All Bull workers initialized and listening
2026-04-06 14:33:02 [INFO]: MongoDB Connected: ac-elabmzo-shard-00-00.qyfosa0.mongodb.net
2026-04-06 14:33:02 [INFO]: [Cron] Initialized with schedules: SYNC(0 */4 * * *)
2026-04-06 14:33:02 [INFO]: 🚀 E-Bazar backend running on port 5000 [development]
2026-04-06 14:35:50 [INFO]: All Bull workers initialized and listening
2026-04-06 14:35:50 [INFO]: MongoDB Connected: ac-elabmzo-shard-00-01.qyfosa0.mongodb.net
2026-04-06 14:35:50 [INFO]: [Cron] Initialized with schedules: SYNC(0 */4 * * *)
2026-04-06 14:35:50 [INFO]: 🚀 E-Bazar backend running on port 5000 [development]
2026-04-06 14:52:09 [INFO]: ::1 - - [06/Apr/2026:09:22:09 +0000] "GET /api/admin/platforms HTTP/1.1" 200 26 "-" "PostmanRuntime/7.49.1"
2026-04-06 14:57:32 [ERROR]: INRDeals getCampaignById(12345) error: Request failed with status code 400
2026-04-06 14:57:32 [INFO]: ::1 - - [06/Apr/2026:09:27:32 +0000] "POST /api/admin/sync/campaign/12345 HTTP/1.1" 500 65 "-" "PostmanRuntime/7.49.1"
2026-04-06 14:59:47 [INFO]: ::1 - - [06/Apr/2026:09:29:47 +0000] "POST /api/admin/sync/campaigns HTTP/1.1" - - "-" "PostmanRuntime/7.49.1"
2026-04-06 15:06:04 [INFO]: All Bull workers initialized and listening
2026-04-06 15:06:05 [INFO]: MongoDB Connected: ac-elabmzo-shard-00-01.qyfosa0.mongodb.net
2026-04-06 15:06:05 [INFO]: [Cron] Initialized with schedules: SYNC(0 */4 * * *)
2026-04-06 15:06:05 [INFO]: 🚀 E-Bazar backend running on port 5000 [development]
2026-04-06 15:13:26 [INFO]: All Bull workers initialized and listening
2026-04-06 15:13:26 [INFO]: MongoDB Connected: ac-elabmzo-shard-00-02.qyfosa0.mongodb.net
2026-04-06 15:13:26 [INFO]: [Cron] Initialized with schedules: SYNC(0 */4 * * *)
2026-04-06 15:13:26 [INFO]: 🚀 E-Bazar backend running on port 5000 [development]
2026-04-06 15:14:02 [INFO]: Starting manual synchronous campaign sync from admin request...
2026-04-06 15:14:02 [INFO]: Starting full campaign sync from INRDeals...
2026-04-06 15:14:03 [INFO]: INRDeals getCampaigns response: {"success":true,"data":[{"id":"875ON8","name":"Ace Blend","payout":"Flat 9.6%","conversion_rate":"0","logo_url":"https://sftp.sgp1.cdn.digitaloceanspaces.com/assets/ace-blend/logo.png","access":"public","status":"active","multistep":false,"default_url":"https://aceblend.com/","landing_pages":null,"has_access":true,"created_at":"2026-01-19T10:57:38.000Z","updated_at":"2026-04-02T07:56:42.000Z","regions":[{"code":"IN","name":"India"}],"type":{"name":"CPS"},"store":{"name":"Ace Blend","logo_url":"https://sftp.sgp1.cdn.digitaloceanspaces.com/assets/ace-blend/logo.png"},"categories":[{"name":"Health & Beauty"}],"subcategories":[{"name":"Nutrition & Health Supplements"}]},{"id":"crpAJK","name":"Acer","payout":"Flat 2.8%","conversion_rate":"0","logo_url":null,"access":"public","status":"active","multistep":false,"default_url":"https://store.acer.com/en-in/","landing_pages":null,"has_access":true,"created_at":"2026-01-29T07:24:59.000Z","updated_at":"2026-01-29T07:25:43.000Z","regions":[{"code":"IN","name":"India"}],"type":{"name":"CPS"},"store":{"name":"Acer","logo_url":"https://sftp.sgp1.cdn.digitaloceanspaces.com/assets/acer/logo.png"},"categories":[{"name":"Electronics"}],"subcategories":[{"name":"Smartphones & Tablets"},{"name":"Laptop & Mobile Accessories"},{"name":"Laptops & Computers"},{"name":"Audio & Video"},{"name":"Gaming"}]},{"id":"RhiJj2","name":"Adidas","payout":"Flat 10.4%","conversion_rate":"0","logo_url":null,"access":"public","status":"active","multistep":false,"default_url":"https://www.adidas.co.in","landing_pages":null,"has_access":true,"created_at":"2026-02-13T10:59:35.000Z","updated_at":"2026-03-24T07:31:35.000Z","regions":[{"code":"IN","name":"India"}],"type":{"name":"CPS"},"store":{"name":"Adidas","logo_url":"https://sftp.sgp1.cdn.digitaloceanspaces.com/assets/adidas/logo.png"},"categories":[{"name":"Fashion & Lifestyle"}],"subcategories":[{"name":"Footwear"},{"name":"Men's Fashion"},{"name":"Women's Fashion"},{"name":"Kids' Fashion"},{"name":"Scarves & Socks"},{"name":"Bags & Wallets"},{"name":"Activewear & Innerwear"}]},{"id":"Rs4sA9","name":"Air India Express","payout":"Upto ₹115.6","conversion_rate":"0","logo_url":null,"access":"public","status":"active","multistep":false,"default_url":"https://www.airindiaexpress.com/home","landing_pages":null,"has_access":true,"created_at":"2026-01-15T14:09:50.000Z","updated_at":"2026-03-11T08:39:00.000Z","regions":[{"code":"IN","name":"India"}],"type":{"name":"CPS"},"store":{"name":"Air India Express","logo_url":"https://sftp.sgp1.cdn.digitaloceanspaces.com/assets/air-india-express/logo.png"},"categories":[{"name":"Travel & Hospitality"}],"subcategories":[{"name":"Domestic Flights"},{"name":"International Flights"}]},{"id":"VyUZrb","name":"Air India Flights","payout":"Upto ₹352","conversion_rate":"0","logo_url":null,"access":"public","status":"active","multistep":false,"default_url":"https://www.airindia.com/en-in/book-flights/","landing_pages":null,"has_access":true,"created_at":"2026-01-03T13:29:20.000Z","updated_at":"2026-03-19T10:15:48.000Z","regions":[{"code":"IN","name":"India"}],"type":{"name":"CPS"},"store":{"name":"Air India","logo_url":"https://sftp.sgp1.cdn.digitaloceanspaces.com/assets/air-india/logo.png"},"categories":[{"name":"Travel & Hospitality"}],"subcategories":[{"name":"Domestic Flights"},{"name":"International Flights"}]},{"id":"TCIa8W","name":"Ajio","payout":"Upto 8.8%","conversion_rate":"0","logo_url":null,"access":"public","status":"active","multistep":false,"default_url":"https://www.ajio.com/","landing_pages":null,"has_access":true,"created_at":"2026-01-23T09:14:49.000Z","updated_at":"2026-04-06T03:48:28.000Z","regions":[{"code":"IN","name":"India"}],"type":{"name":"CPS"},"store":{"name":"Ajio","logo_url":"https://sftp.sgp1.cdn.digitaloceanspaces.com/assets/ajio/logo.png"},"categories":[{"name":"Baby & Kids"},{"name":"Fashion & Lifestyle"},{"name":"Health & Beauty"},{"name":"Home & Kitchen"}],"subcategories":[{"name":"Footwear"},{"name":"Kids Products"},{"name":"Baby Fashion"},{"name":"Baby Accessories"},{"name":"Toys & Play"},{"name":"Baby Gear"},{"name":"Maternity & Mom Care"},{"name":"Men's Fashion"},{"name":"Kids' Fashion"},{"name":"Jewellery"},{"name":"Watches"},{"name":"Sunglasses & Eyewear"},{"name":"Belts & Wallets"},{"name":"Skin Care"},{"name":"Makeup & Cosmetics"},{"name":"Herbal & Natural Wellness"},{"name":"Beauty Tools & Devices"},{"name":"Home & Decor"},{"name":"Body care"},{"name":"Fitness Accessories"},{"name":"Home Cleaning & Laundry"},{"name":"Bathroom & Sanitary"}]},{"id":"Upz68U","name":"Ajmal Perfume","payout":"Flat 3.4%","conversion_rate":"0","logo_url":"https://sftp.sgp1.cdn.digitaloceanspaces.com/assets/ajmal-perfume/logo.png","access":"public","status":"active","multistep":false,"default_url":"https://in.ajmal.com/","landing_pages":null,"has_access":true,"created_at":"2026-01-10T07:53:02.000Z","updated_at":"2026-02-11T11:25:01.000Z","regions":[{"code":"IN","name":"India"}],"type":{"name":"CPS"},"store":{"name":"Ajmal Perfume","logo_url":"https://sftp.sgp1.cdn.digitaloceanspaces.com/assets/ajmal-perfume/logo.png"},"categories":[{"name":"Health & Beauty"}],"subcategories":[{"name":"Fragrance"}]},{"id":"1zgc9i","name":"Aliexpress","payout":"Upto 5.52%","conversion_rate":"0","logo_url":"https://sftp.sgp1.cdn.digitaloceanspaces.com/assets/aliexpress/logo.png","access":"public","status":"active","multistep":false,"default_url":"https://www.aliexpress.com","landing_pages":null,"has_access":true,"created_at":"2026-03-16T12:59:32.000Z","updated_at":"2026-03-17T06:28:52.000Z","regions":[{"code":"IN","name":"India"}],"type":{"name":"CPS"},"store":{"name":"Aliexpress","logo_url":"https://sftp.sgp1.cdn.digitaloceanspaces.com/assets/aliexpress/logo.png"},"categories":[{"name":"Fashion & Lifestyle"},{"name":"Health & Beauty"},{"name":"Electronics"},{"name":"Home & Kitchen"}],"subcategories":[{"name":"Footwear"},{"name":"Fragrance"},{"name":"Smartphones & Tablets"},{"name":"Laptop & Mobile Accessories"},{"name":"Laptops & Computers"},{"name":"Kitchen Appliances"},{"name":"Home Appliances"},{"name":"Audio & Video"},{"name":"Gaming"},{"name":"Camera & Accessories"},{"name":"Wearables"},{"name":"Health Monitoring Devices"},{"name":"Men's Fashion"},{"name":"Women's Fashion"},{"name":"Kids' Fashion"},{"name":"Jewellery"},{"name":"Watches"},{"name":"Sunglasses & Eyewear"},{"name":"Scarves & Socks"},{"name":"Skin Care"},{"name":"Makeup & Cosmetics"},{"name":"Hygiene & Personal Care"},{"name":"Herbal & Natural Wellness"},{"name":"Nutrition & Health Supplements"},{"name":"Beauty Tools & Devices"},{"name":"Bags & Wallets"},{"name":"Body care"},{"name":"Oral care"},{"name":"Sexual Wellness"},{"name":"Kitchen & Dining"},{"name":"Home Cleaning & Laundry"},{"name":"Furniture"},{"name":"Home Decor & Furnishing"},{"name":"Bathroom & Sanitary"},{"name":"Stationery & Office Supplies"},{"name":"Home Improvement & DIY Tools"},{"name":"Heating, Cooling & Air Care"},{"name":"Storage & Organization"},{"name":"Activewear & Innerwear"}]},{"id":"cZJ4zm","name":"Alpino","payout":"Flat 3.6%","conversion_rate":"0","logo_url":"https://sftp.sgp1.cdn.digitaloceanspaces.com/assets/alpino/logo.png","access":"public","status":"active","multistep":false,"default_url":"https://alpino.store/","landing_pages":null,"has_access":true,"created_at":"2026-01-21T10:33:41.000Z","updated_at":"2026-03-31T12:49:01.000Z","regions":[{"code":"IN","name":"India"}],"type":{"name":"CPS"},"store":{"name":"Alpino","logo_url":"https://sftp.sgp1.cdn.digitaloceanspaces.com/assets/alpino/logo.png"},"categories":[{"name":"Food & Grocery"}],"subcategories":[{"name":"Organic & Nutrition Foods"}]},{"id":"Xxft0A","name":"Amazon","payout":"Upto 16.13%","conversion_rate":"0","logo_url":null,"access":"approval","status":"active","multistep":false,"default_url":"https://www.amazon.in/","landing_pages":null,"has_access":false,"created_at":"2026-01-17T14:33:15.000Z","updated_at":"2026-04-02T06:30:55.000Z","regions":[{"code":"IN","name":"India"}],"type":{"name":"CPS"},"store":{"name":"Amazon","logo_url":"https://sftp.sgp1.cdn.digitaloceanspaces.com/assets/amazon-india/logo.png"},"categories":[{"name":"Baby & Kids"},{"name":"Fashion & Lifestyle"},{"name":"Health & Beauty"},{"name":"Food & Grocery"},{"name":"Electronics"},{"name":"Sports & Fitness"},{"name":"Home & Kitchen"},{"name":"Gifting & Toys"},{"name":"Pets"}],"subcategories":[{"name":"Footwear"},{"name":"Kids Products"},{"name":"Baby Fashion"},{"name":"Baby Accessories"},{"name":"Fragrance"},{"name":"Toys & Play"},{"name":"Baby Gear"},{"name":"School Essentials"},{"name":"Maternity & Mom Care"},{"name":"Sports Accessories"},{"name":"Outdoor Activity Gears"},{"name":"Health & Recovery"},{"name":"Wellness & Nutrition"},{"name":"Fitness Equipments"},{"name":"Smartphones & Tablets"},{"name":"Laptop & Mobile Accessories"},{"name":"Home Appliances"},{"name":"Audio & Video"},{"name":"Gaming"},{"name":"Camera & Accessories"},{"name":"Wearables"},{"name":"Health Monitoring Devices"},{"name":"Men's Fashion"},{"name":"Women's Fashion"},{"name":"Kids' Fashion"},{"name":"Luggage & Bagpacks"},{"name":"Jewellery"},{"name":"Sunglasses & Eyewear"},{"name":"Belts & Wallets"},{"name":"Scarves & Socks"},{"name":"Skin Care"},{"name":"Makeup & Cosmetics"},{"name":"Hygiene & Personal Care"},{"name":"Hair Care"},{"name":"Herbal & Natural Wellness"},{"name":"Nutrition & Health Supplements"},{"name":"Beauty Tools & Devices"},{"name":"Personalised gifts"},{"name":"Flowers & Cakes"},{"name":"Gift Hampers"},{"name":"Soft toys"},{"name":"Home & Decor"},{"name":"Bags & Wallets"},{"name":"Ayurvedic Juices & Herbal Drinks"},{"name":"Body care"},{"name":"Oral care"},{"name":"Packaged & Ready-to-Cook Foods"},{"name":"Dairy & Bakery"},{"name":"Grocery"},{"name":"Organic & Nutrition Foods"}]}],"meta":{"timestamp":"2026-04-06T09:44:03.198Z","pagination":{"has_next_page":true,"next_cursor":"Amazon","has_prev_page":false,"prev_cursor":null}}}
2026-04-06 15:14:03 [INFO]: Fetched 10 campaigns from INRDeals
2026-04-06 15:14:03 [INFO]: Created new platform: Ace Blend (69d380639c5f96d727b55ba2)
2026-04-06 15:14:04 [INFO]: Created new platform: Acer (69d380649c5f96d727b55ba8)
2026-04-06 15:14:04 [INFO]: Created new platform: Adidas (69d380649c5f96d727b55bb2)
2026-04-06 15:14:05 [INFO]: Created new platform: Air India Express (69d380659c5f96d727b55bbe)
2026-04-06 15:14:06 [INFO]: Created new platform: Air India Flights (69d380669c5f96d727b55bc5)
2026-04-06 15:14:06 [INFO]: Created new platform: Ajio (69d380669c5f96d727b55bcc)
2026-04-06 15:14:07 [INFO]: Created new platform: Ajmal Perfume (69d380679c5f96d727b55bea)
2026-04-06 15:14:07 [INFO]: Created new platform: Aliexpress (69d380679c5f96d727b55bf0)
2026-04-06 15:14:08 [INFO]: Created new platform: Alpino (69d380689c5f96d727b55c1f)
2026-04-06 15:14:09 [INFO]: Created new platform: Amazon (69d380699c5f96d727b55c25)
2026-04-06 15:18:29 [INFO]: SIGINT received — shutting down gracefully
2026-04-06 15:18:29 [INFO]: SIGINT received — shutting down gracefully
2026-04-06 15:18:29 [INFO]: SIGINT received — shutting down gracefully
2026-04-06 15:18:37 [INFO]: SIGINT received — shutting down gracefully
2026-04-06 15:29:42 [INFO]: All Bull workers initialized and listening
2026-04-06 15:29:43 [INFO]: MongoDB Connected: [object Object]
2026-04-06 15:29:43 [INFO]: [Cron] Initialized with schedules: SYNC(0 */4 * * *)
2026-04-06 15:29:43 [INFO]: 🚀 E-Bazar backend running on port 5000 [development]
2026-04-06 15:30:10 [INFO]: All Bull workers initialized and listening
2026-04-06 15:30:10 [INFO]: MongoDB Connected: mongodb+srv://gayatrifatale_db_user:qOChL7kilEKcVDFE@ebazzar.qyfosa0.mongodb.net/
2026-04-06 15:30:10 [INFO]: [Cron] Initialized with schedules: SYNC(0 */4 * * *)
2026-04-06 15:30:10 [INFO]: 🚀 E-Bazar backend running on port 5000 [development]
2026-04-06 15:37:40 [INFO]: ::1 - - [06/Apr/2026:10:07:40 +0000] "POST /api/admin/sync/campaigns HTTP/1.1" - - "-" "PostmanRuntime/7.49.1"
2026-04-06 15:44:45 [INFO]: SIGINT received — shutting down gracefully
2026-04-06 15:44:48 [INFO]: All Bull workers initialized and listening
2026-04-06 15:44:49 [INFO]: MongoDB Connected: mongodb+srv://gayatrifatale_db_user:qOChL7kilEKcVDFE@ebazzar.qyfosa0.mongodb.net/ebazzar
2026-04-06 15:44:49 [INFO]: [Cron] Initialized with schedules: SYNC(0 */4 * * *)
2026-04-06 15:44:49 [INFO]: 🚀 E-Bazar backend running on port 5000 [development]
2026-04-06 15:51:54 [INFO]: All Bull workers initialized and listening
2026-04-06 15:51:55 [INFO]: MongoDB Connected: mongodb+srv://gayatrifatale_db_user:qOChL7kilEKcVDFE@ebazzar.qyfosa0.mongodb.net/ebazzar
2026-04-06 15:51:55 [INFO]: [Cron] Initialized with schedules: SYNC(0 */4 * * *)
2026-04-06 15:51:55 [INFO]: 🚀 E-Bazar backend running on port 5000 [development]
2026-04-06 17:08:45 [INFO]: Starting full campaign sync from INRDeals...
2026-04-06 17:08:45 [INFO]: Starting full paginated fetch for INRDeals campaigns...
2026-04-06 17:08:45 [INFO]: Fetching page with cursor: null...
2026-04-06 17:08:47 [INFO]: Fetching page with cursor: Geekbuying...
2026-04-06 17:08:47 [INFO]: Fetching page with cursor: Noise...
2026-04-06 17:08:48 [INFO]: Fetching page with cursor: Wonder Chef...
2026-04-06 17:08:48 [INFO]: Finished fetching. Total campaigns retrieved: 152
2026-04-06 17:08:48 [INFO]: Fetched 152 campaigns from INRDeals
2026-04-06 17:08:49 [DEBUG]: Updated platform: Ace Blend
2026-04-06 17:08:50 [DEBUG]: Updated platform: Acer
2026-04-06 17:08:50 [DEBUG]: Updated platform: Adidas
2026-04-06 17:08:51 [DEBUG]: Updated platform: Air India Express
2026-04-06 17:08:51 [DEBUG]: Updated platform: Air India Flights
2026-04-06 17:08:52 [DEBUG]: Updated platform: Ajio
2026-04-06 17:08:53 [DEBUG]: Updated platform: Ajmal Perfume
2026-04-06 17:08:53 [DEBUG]: Updated platform: Aliexpress
2026-04-06 17:08:54 [DEBUG]: Updated platform: Alpino
2026-04-06 17:08:55 [DEBUG]: Updated platform: Amazon
2026-04-06 17:08:55 [DEBUG]: Updated platform: Aramya
2026-04-06 17:08:56 [DEBUG]: Updated platform: Assembly
2026-04-06 17:08:56 [DEBUG]: Updated platform: Asus
2026-04-06 17:08:57 [DEBUG]: Updated platform: Auric
2026-04-06 17:08:58 [DEBUG]: Updated platform: Avon
2026-04-06 17:08:58 [DEBUG]: Updated platform: Baby Forest
2026-04-06 17:08:59 [DEBUG]: Updated platform: Bajaj Demat
2026-04-06 17:08:59 [DEBUG]: Updated platform: Bath & Body Works
2026-04-06 17:09:00 [DEBUG]: Updated platform: Beardo
2026-04-06 17:09:01 [DEBUG]: Updated platform: Beautywise
2026-04-06 17:09:01 [DEBUG]: Updated platform: Be Bodywise
2026-04-06 17:09:02 [DEBUG]: Updated platform: Big Muscle Nutrition
2026-04-06 17:09:03 [DEBUG]: Updated platform: Blissclub
2026-04-06 17:09:03 [DEBUG]: Updated platform: Blue Tea
2026-04-06 17:09:04 [DEBUG]: Updated platform: BoAt
2026-04-06 17:09:04 [DEBUG]: Updated platform: Borosil
2026-04-06 17:09:05 [DEBUG]: Updated platform: Bummer
2026-04-06 17:09:06 [DEBUG]: Updated platform: Buy Indus Valley
2026-04-06 17:09:06 [DEBUG]: Updated platform: Campus Shoes
2026-04-06 17:09:07 [DEBUG]: Updated platform: Cleartrip Web
2026-04-06 17:09:08 [DEBUG]: Updated platform: Clove Oral Care
2026-04-06 17:09:08 [DEBUG]: Updated platform: CosIQ
2026-04-06 17:09:09 [DEBUG]: Updated platform: Crocs
2026-04-06 17:09:09 [DEBUG]: Updated platform: Croma
2026-04-06 17:09:10 [DEBUG]: Updated platform: Demo
2026-04-06 17:09:11 [DEBUG]: Updated platform: DHgate
2026-04-06 17:09:11 [DEBUG]: Updated platform: Dot & Key
2026-04-06 17:09:12 [DEBUG]: Updated platform: Dyson India
2026-04-06 17:09:12 [DEBUG]: Updated platform: Emami Zanducare
2026-04-06 17:09:13 [DEBUG]: Updated platform: Estuary World
2026-04-06 17:09:14 [DEBUG]: Updated platform: FirstCry
2026-04-06 17:09:14 [DEBUG]: Updated platform: Flipkart
2026-04-06 17:09:15 [DEBUG]: Updated platform: FlixBus
2026-04-06 17:09:16 [DEBUG]: Updated platform: Floweraura
2026-04-06 17:09:16 [DEBUG]: Updated platform: Flynas
2026-04-06 17:09:17 [DEBUG]: Updated platform: Forest Essentials
2026-04-06 17:09:18 [DEBUG]: Updated platform: Fuel One
2026-04-06 17:09:18 [DEBUG]: Updated platform: Furlenco
2026-04-06 17:09:19 [DEBUG]: Updated platform: Fytika
2026-04-06 17:09:20 [DEBUG]: Updated platform: Geekbuying
2026-04-06 17:09:20 [DEBUG]: Updated platform: Geeklane
2026-04-06 17:09:21 [DEBUG]: Updated platform: Get Your Guide
2026-04-06 17:09:21 [DEBUG]: Updated platform: Ghar Soaps
2026-04-06 17:09:22 [DEBUG]: Updated platform: GNC
2026-04-06 17:09:23 [DEBUG]: Updated platform: Godrej Interio
2026-04-06 17:09:24 [DEBUG]: Updated platform: Hammer
2026-04-06 17:09:24 [DEBUG]: Updated platform: Havells
2026-04-06 17:09:25 [DEBUG]: Updated platform: HCL Guvi
2026-04-06 17:09:26 [DEBUG]: Updated platform: Health Kart
2026-04-06 17:09:26 [DEBUG]: Updated platform: Hk Vitals
2026-04-06 17:09:27 [DEBUG]: Updated platform: H&M
2026-04-06 17:09:28 [DEBUG]: Updated platform: HOK Makeup
2026-04-06 17:09:28 [DEBUG]: Updated platform: HyugaLife
2026-04-06 17:09:29 [DEBUG]: Updated platform: Iba Cosmetics
2026-04-06 17:09:30 [DEBUG]: Updated platform: IDFC  First Bank Saving Account
2026-04-06 17:09:31 [DEBUG]: Updated platform: IGP
2026-04-06 17:09:31 [DEBUG]: Updated platform: iHerb
2026-04-06 17:09:32 [DEBUG]: Updated platform: Indigo Flights
2026-04-06 17:09:33 [DEBUG]: Updated platform: Instax
2026-04-06 17:09:33 [DEBUG]: Updated platform: JBL
2026-04-06 17:09:34 [DEBUG]: Updated platform: Jockey
2026-04-06 17:09:35 [DEBUG]: Updated platform: Kama Ayurveda
2026-04-06 17:09:35 [DEBUG]: Updated platform: Kapiva
2026-04-06 17:09:36 [INFO]: Starting full paginated fetch for INRDeals campaigns...
2026-04-06 17:09:36 [INFO]: Fetching page with cursor: null...
2026-04-06 17:09:36 [DEBUG]: Updated platform: Khadi Natural
2026-04-06 17:09:36 [ERROR]: INRDeals getCampaigns error: Request failed with status code 400
2026-04-06 17:09:37 [DEBUG]: Updated platform: Kimti
2026-04-06 17:09:37 [DEBUG]: Updated platform: Kisah
2026-04-06 17:09:38 [DEBUG]: Updated platform: Klook
2026-04-06 17:09:39 [DEBUG]: Updated platform: Klydo
2026-04-06 17:09:39 [DEBUG]: Updated platform: Kotak811
2026-04-06 17:09:40 [DEBUG]: Updated platform: Krishna's Herbal & Ayurveda
2026-04-06 17:09:41 [DEBUG]: Updated platform: Kurlon
2026-04-06 17:09:42 [DEBUG]: Updated platform: Lenovo
2026-04-06 17:09:42 [DEBUG]: Updated platform: Little Box
2026-04-06 17:09:43 [DEBUG]: Updated platform: Loop Earplugs
2026-04-06 17:09:44 [DEBUG]: Updated platform: MakeMyTrip Domestic Hotels
2026-04-06 17:09:44 [DEBUG]: Updated platform: MakeMyTrip International Hotels
2026-04-06 17:09:45 [DEBUG]: Updated platform: Malaysia Airlines
2026-04-06 17:09:46 [DEBUG]: Updated platform: Mamaearth
2026-04-06 17:09:46 [DEBUG]: Updated platform: Milton
2026-04-06 17:09:47 [DEBUG]: Updated platform: Mivi
2026-04-06 17:09:48 [DEBUG]: Updated platform: Moglix
2026-04-06 17:09:48 [DEBUG]: Updated platform: Muscle Blaze
2026-04-06 17:09:49 [DEBUG]: Updated platform: Muscletech
2026-04-06 17:09:50 [DEBUG]: Updated platform: My Muse
2026-04-06 17:09:51 [DEBUG]: Updated platform: Myntra
2026-04-06 17:09:51 [DEBUG]: Updated platform: My Trident 
2026-04-06 17:09:52 [DEBUG]: Updated platform: Neeman's
2026-04-06 17:09:53 [DEBUG]: Updated platform: Neesh Perfumes
2026-04-06 17:09:53 [DEBUG]: Updated platform: Nilkamal
2026-04-06 17:09:54 [DEBUG]: Updated platform: Noise
2026-04-06 17:09:55 [DEBUG]: Updated platform: Nua woman
2026-04-06 17:09:56 [DEBUG]: Updated platform: Nykaa Beauty
2026-04-06 17:09:56 [DEBUG]: Updated platform: Nykaa Fashion
2026-04-06 17:09:57 [DEBUG]: Updated platform: Oneplus
2026-04-06 17:09:58 [DEBUG]: Updated platform: Oppo
2026-04-06 17:09:58 [DEBUG]: Updated platform: Organic India
2026-04-06 17:09:59 [DEBUG]: Updated platform: Orpat
2026-04-06 17:10:00 [DEBUG]: Updated platform: Our Little Joys
2026-04-06 17:10:00 [DEBUG]: Updated platform: Pelago
2026-04-06 17:10:01 [DEBUG]: Updated platform: Pepperfry
2026-04-06 17:10:02 [DEBUG]: Updated platform: Perfora
2026-04-06 17:10:02 [DEBUG]: Updated platform: Plum Goodness
2026-04-06 17:10:03 [DEBUG]: Updated platform: Protouch
2026-04-06 17:10:04 [DEBUG]: Updated platform: Pure Nutrition
2026-04-06 17:10:04 [DEBUG]: Updated platform: Qatar Airways
2026-04-06 17:10:05 [DEBUG]: Updated platform: Rangdeep
2026-04-06 17:10:06 [DEBUG]: Updated platform: Realme
2026-04-06 17:10:06 [DEBUG]: Updated platform: Redrail
2026-04-06 17:10:07 [DEBUG]: Updated platform: Reliance Digital
2026-04-06 17:10:07 [DEBUG]: Updated platform: R for Rabbit
2026-04-06 17:10:08 [DEBUG]: Updated platform: Ruhe India
2026-04-06 17:10:09 [DEBUG]: Updated platform: Samsung
2026-04-06 17:10:09 [DEBUG]: Updated platform: Sanfe
2026-04-06 17:10:10 [DEBUG]: Updated platform: Shyaway
2026-04-06 17:10:11 [DEBUG]: Updated platform: Sirona
2026-04-06 17:10:11 [DEBUG]: Updated platform: Sleepwell
2026-04-06 17:10:12 [DEBUG]: Updated platform: Soul Flower
2026-04-06 17:10:13 [DEBUG]: Updated platform: Spankers
2026-04-06 17:10:13 [DEBUG]: Updated platform: Sugar Cosmetics
2026-04-06 17:10:14 [DEBUG]: Updated platform: Super Bottoms
2026-04-06 17:10:15 [DEBUG]: Updated platform: Swiss Beauty
2026-04-06 17:10:16 [DEBUG]: Updated platform: Swisse
2026-04-06 17:10:16 [DEBUG]: Updated platform: TataCliq
2026-04-06 17:10:17 [DEBUG]: Updated platform: The Derma Co
2026-04-06 17:10:18 [DEBUG]: Updated platform: The Man Company
2026-04-06 17:10:18 [DEBUG]: Updated platform: The Natural Wash
2026-04-06 17:10:19 [DEBUG]: Updated platform: Titan Skin
2026-04-06 17:10:20 [DEBUG]: Updated platform: Trip
2026-04-06 17:10:21 [DEBUG]: Updated platform: True Basics
2026-04-06 17:10:21 [DEBUG]: Updated platform: Truloom
2026-04-06 17:10:22 [DEBUG]: Updated platform: Uber
2026-04-06 17:10:23 [DEBUG]: Updated platform: Udemy
2026-04-06 17:10:24 [DEBUG]: Updated platform: Upakarma
2026-04-06 17:10:24 [DEBUG]: Updated platform: Urban Ladder
2026-04-06 17:10:25 [DEBUG]: Updated platform: Ustraa
2026-04-06 17:10:26 [DEBUG]: Updated platform: Victoria Secret
2026-04-06 17:10:26 [DEBUG]: Updated platform: Victoria Secret-UAE
2026-04-06 17:10:27 [DEBUG]: Updated platform: Vijay Sales
2026-04-06 17:10:28 [DEBUG]: Updated platform: Well Being Nutrition
2026-04-06 17:10:29 [DEBUG]: Updated platform: Wonder Chef
2026-04-06 17:10:29 [DEBUG]: Updated platform: Wow Skin Science
2026-04-06 17:10:30 [DEBUG]: Updated platform: Yatra (Hotel and Flights)
